Change Component Designator: OldDesignator=C1 NewDesignator=C17
Change Component Designator: OldDesignator=C2 NewDesignator=C18
Change Component Designator: OldDesignator=C3 NewDesignator=C27
Change Component Designator: OldDesignator=C4 NewDesignator=C28
Change Component Designator: OldDesignator=C5 NewDesignator=C3
Change Component Designator: OldDesignator=C6 NewDesignator=C4
Change Component Designator: OldDesignator=C7 NewDesignator=C5
Change Component Designator: OldDesignator=C8 NewDesignator=C6
Change Component Designator: OldDesignator=C10 NewDesignator=C21
Change Component Designator: OldDesignator=C11 NewDesignator=C22
Change Component Designator: OldDesignator=C13 NewDesignator=C2
Change Component Designator: OldDesignator=C14 NewDesignator=C8
Change Component Designator: OldDesignator=C15 NewDesignator=C10
Change Component Designator: OldDesignator=C17 NewDesignator=C14
Change Component Designator: OldDesignator=C18 NewDesignator=C9
Change Component Designator: OldDesignator=C19 NewDesignator=C15
Change Component Designator: OldDesignator=C20 NewDesignator=C16
Change Component Designator: OldDesignator=C21 NewDesignator=C12
Change Component Designator: OldDesignator=C22 NewDesignator=C19
Change Component Designator: OldDesignator=C23 NewDesignator=C13
Change Component Designator: OldDesignator=C24 NewDesignator=C20
Change Component Designator: OldDesignator=C26 NewDesignator=C7
Change Component Designator: OldDesignator=C27 NewDesignator=C26
Change Component Designator: OldDesignator=C28 NewDesignator=C23
Change Component Designator: OldDesignator=C29 NewDesignator=C24
Change Component Designator: OldDesignator=C30 NewDesignator=C25
Change Component Designator: OldDesignator=C31 NewDesignator=C11
Change Component Designator: OldDesignator=C40 NewDesignator=C1
Change Component Designator: OldDesignator=D3 NewDesignator=D4
Change Component Designator: OldDesignator=D4 NewDesignator=D3
Change Component Designator: OldDesignator=D6 NewDesignator=D5
Change Component Designator: OldDesignator=D7 NewDesignator=D6
Change Component Designator: OldDesignator=Q1 NewDesignator=Q2
Change Component Designator: OldDesignator=Q2 NewDesignator=Q1
Change Component Designator: OldDesignator=R1 NewDesignator=R7
Change Component Designator: OldDesignator=R2 NewDesignator=R4
Change Component Designator: OldDesignator=R3 NewDesignator=R5
Change Component Designator: OldDesignator=R4 NewDesignator=R6
Change Component Designator: OldDesignator=R5 NewDesignator=R8
Change Component Designator: OldDesignator=R6 NewDesignator=R9
Change Component Designator: OldDesignator=R7 NewDesignator=R1
Change Component Designator: OldDesignator=R8 NewDesignator=R14
Change Component Designator: OldDesignator=R9 NewDesignator=R11
Change Component Designator: OldDesignator=R10 NewDesignator=R15
Change Component Designator: OldDesignator=R11 NewDesignator=R2
Change Component Designator: OldDesignator=R12 NewDesignator=R19
Change Component Designator: OldDesignator=R13 NewDesignator=R12
Change Component Designator: OldDesignator=R14 NewDesignator=R13
Change Component Designator: OldDesignator=R15 NewDesignator=R16
Change Component Designator: OldDesignator=R16 NewDesignator=R20
Change Component Designator: OldDesignator=R19 NewDesignator=R10
Change Component Designator: OldDesignator=R20 NewDesignator=R21
Change Component Designator: OldDesignator=R22 NewDesignator=R3
Change Component Designator: OldDesignator=U1 NewDesignator=U2
Change Component Designator: OldDesignator=U2 NewDesignator=U3
Change Component Designator: OldDesignator=U4 NewDesignator=U1
Add Pin To Net: Unknown Pin: Pin C1-2
Add Pin To Net: Unknown Pin: Pin C2-2
Change Net Name : Old Net Name=NetC1_1 New Net Name=NetC17_1
Change Net Name : Old Net Name=NetC1_2 New Net Name=NetC17_2
Change Net Name : Old Net Name=NetC5_2 New Net Name=NetC3_2
Change Net Name : Old Net Name=NetC6_2 New Net Name=NetC4_2
Change Net Name : Old Net Name=NetC10_1 New Net Name=NetC21_1
Change Net Name : Old Net Name=NetC10_2 New Net Name=NetC21_2
Change Net Name : Old Net Name=NetC23_2 New Net Name=NetC13_2
Change Net Name : Old Net Name=NetC26_1 New Net Name=NetC7_1
Change Net Name : Old Net Name=NetC40_1 New Net Name=NetC1_1
Change Net Name : Old Net Name=NetC40_2 New Net Name=NetC1_2
Change Net Name : Old Net Name=NetD3_1 New Net Name=NetD4_1
Change Net Name : Old Net Name=NetD4_A New Net Name=NetD3_A
Change Net Name : Old Net Name=NetD6_1 New Net Name=NetD5_1
Change Net Name : Old Net Name=NetD7_1 New Net Name=NetD6_1
Change Net Name : Old Net Name=NetQ1_G New Net Name=NetQ2_G
Change Net Name : Old Net Name=NetQ1_S New Net Name=NetQ2_S
Change Net Name : Old Net Name=NetR7_1 New Net Name=NetR1_1
