Added Component: Designator=C13(R474I2470CKA2M)
Add component (AddParameter): Name = "Capacitance"; Value = "47nF"; VariantName = "[No Variations]"
Add component (AddParameter): Name = "Case/Package"; Value = "Radial"; VariantName = "[No Variations]"
Add component (AddParameter): Name = "Category 1"; Value = "Film Capacitors"; VariantName = "[No Variations]"
Add component (AddParameter): Name = "ComponentLink1Description"; Value = "https://datasheet.ciiva.com/46436/1848873-46436253.pdf?src-supplier=Element14"; VariantName = "[No Variations]"
Add component (AddParameter): Name = "ComponentLink1URL"; Value = "https://datasheet.ciiva.com/46436/1848873-46436253.pdf?src-supplier=Element14"; VariantName = "[No Variations]"
Add component (AddParameter): Name = "Description 1"; Value = "Cap Film 0.047UF 20% 1KVDC Rad"; VariantName = "[No Variations]"
Add component (AddParameter): Name = "Dielectric Material"; Value = "PP"; VariantName = "[No Variations]"
Add component (AddParameter): Name = "Manufacturer 1"; Value = "KEMET"; VariantName = "[No Variations]"
Add component (AddParameter): Name = "Manufacturer Part Number 1"; Value = "R474I2470CKA2M"; VariantName = "[No Variations]"
Add component (AddParameter): Name = "Max Operating Temperature"; Value = "110°C"; VariantName = "[No Variations]"
Add component (AddParameter): Name = "Min Operating Temperature"; Value = "-40°C"; VariantName = "[No Variations]"
Add component (AddParameter): Name = "Mount"; Value = "Through Hole"; VariantName = "[No Variations]"
Add component (AddParameter): Name = "Packaging"; Value = "Cut Tape"; VariantName = "[No Variations]"
Add component (AddParameter): Name = "Parameter 1"; Value = "0.047uF 440Vac"; VariantName = "[No Variations]"
Add component (AddParameter): Name = "Pricing 1"; Value = "1=0,69, 10=0,482, 50=0,4056, 100=0,3302, 500=0,27518 (USD)"; VariantName = "[No Variations]"
Add component (AddParameter): Name = "Ratings"; Value = "AEC-Q200,X1"; VariantName = "[No Variations]"
Add component (AddParameter): Name = "RoHS 1"; Value = "Yes"; VariantName = "[No Variations]"
Add component (AddParameter): Name = "RoHS Compliant"; Value = "Yes"; VariantName = "[No Variations]"
Add component (AddParameter): Name = "Series"; Value = "R47"; VariantName = "[No Variations]"
Add component (AddParameter): Name = "Stock 1"; Value = "4929"; VariantName = "[No Variations]"
Add component (AddParameter): Name = "Supplier 1"; Value = "Digikey"; VariantName = "[No Variations]"
Add component (AddParameter): Name = "Supplier Part Number 1"; Value = "399-17231-1-ND"; VariantName = "[No Variations]"
Add component (AddParameter): Name = "Termination"; Value = "PC Pins"; VariantName = "[No Variations]"
Add component (AddParameter): Name = "Tolerance"; Value = "20%"; VariantName = "[No Variations]"
Add component (AddParameter): Name = "Voltage Rating (AC)"; Value = "440V"; VariantName = "[No Variations]"
Add component (AddParameter): Name = "Voltage Rating (DC)"; Value = "1kV"; VariantName = "[No Variations]"
Added Component: Designator=C40(R474I2470CKA2M)
Add component (AddParameter): Name = "Capacitance"; Value = "47nF"; VariantName = "[No Variations]"
Add component (AddParameter): Name = "Case/Package"; Value = "Radial"; VariantName = "[No Variations]"
Add component (AddParameter): Name = "Category 1"; Value = "Film Capacitors"; VariantName = "[No Variations]"
Add component (AddParameter): Name = "ComponentLink1Description"; Value = "https://datasheet.ciiva.com/46436/1848873-46436253.pdf?src-supplier=Element14"; VariantName = "[No Variations]"
Add component (AddParameter): Name = "ComponentLink1URL"; Value = "https://datasheet.ciiva.com/46436/1848873-46436253.pdf?src-supplier=Element14"; VariantName = "[No Variations]"
Add component (AddParameter): Name = "Description 1"; Value = "Cap Film 0.047UF 20% 1KVDC Rad"; VariantName = "[No Variations]"
Add component (AddParameter): Name = "Dielectric Material"; Value = "PP"; VariantName = "[No Variations]"
Add component (AddParameter): Name = "Manufacturer 1"; Value = "KEMET"; VariantName = "[No Variations]"
Add component (AddParameter): Name = "Manufacturer Part Number 1"; Value = "R474I2470CKA2M"; VariantName = "[No Variations]"
Add component (AddParameter): Name = "Max Operating Temperature"; Value = "110°C"; VariantName = "[No Variations]"
Add component (AddParameter): Name = "Min Operating Temperature"; Value = "-40°C"; VariantName = "[No Variations]"
Add component (AddParameter): Name = "Mount"; Value = "Through Hole"; VariantName = "[No Variations]"
Add component (AddParameter): Name = "Packaging"; Value = "Cut Tape"; VariantName = "[No Variations]"
Add component (AddParameter): Name = "Parameter 1"; Value = "0.047uF 440Vac"; VariantName = "[No Variations]"
Add component (AddParameter): Name = "Pricing 1"; Value = "1=0,69, 10=0,482, 50=0,4056, 100=0,3302, 500=0,27518 (USD)"; VariantName = "[No Variations]"
Add component (AddParameter): Name = "Ratings"; Value = "AEC-Q200,X1"; VariantName = "[No Variations]"
Add component (AddParameter): Name = "RoHS 1"; Value = "Yes"; VariantName = "[No Variations]"
Add component (AddParameter): Name = "RoHS Compliant"; Value = "Yes"; VariantName = "[No Variations]"
Add component (AddParameter): Name = "Series"; Value = "R47"; VariantName = "[No Variations]"
Add component (AddParameter): Name = "Stock 1"; Value = "4929"; VariantName = "[No Variations]"
Add component (AddParameter): Name = "Supplier 1"; Value = "Digikey"; VariantName = "[No Variations]"
Add component (AddParameter): Name = "Supplier Part Number 1"; Value = "399-17231-1-ND"; VariantName = "[No Variations]"
Add component (AddParameter): Name = "Termination"; Value = "PC Pins"; VariantName = "[No Variations]"
Add component (AddParameter): Name = "Tolerance"; Value = "20%"; VariantName = "[No Variations]"
Add component (AddParameter): Name = "Voltage Rating (AC)"; Value = "440V"; VariantName = "[No Variations]"
Add component (AddParameter): Name = "Voltage Rating (DC)"; Value = "1kV"; VariantName = "[No Variations]"
Added Pin To Net: NetName=NetBR1_~2 Pin=C13-1
Added Pin To Net: NetName=NetBR1_~2 Pin=C13-1
Add Pin To Net: Unknown Pin: Pin C13-2
Added Pin To Net: NetName=NetC9_1 Pin=C40-1
Added Pin To Net: NetName=NetC9_1 Pin=C40-1
Add Pin To Net: Unknown Pin: Pin C40-2
Change Net Name : Old Net Name=NetC9_1 New Net Name=NetC40_1
Change Net Name : Old Net Name=NetC9_2 New Net Name=NetC40_2
