Added Pin To Net: NetName=VIN Pin=BR1-+
Added Pin To Net: NetName=GND Pin=BR1--
Added Pin To Net: NetName=AC_N2 Pin=BR1-~1
Added Pin To Net: NetName=AC_L3 Pin=BR1-~2
Added Pin To Net: NetName=VIN Pin=BR2-+
Added Pin To Net: NetName=GND Pin=BR2--
Added Pin To Net: NetName=AC_N2 Pin=BR2-~1
Added Pin To Net: NetName=AC_L3 Pin=BR2-~2
Added Pin To Net: NetName=AC_L2 Pin=C1-1
Added Pin To Net: NetName=AC_N1 Pin=C1-2
Added Pin To Net: NetName=AC_L3 Pin=C2-1
Added Pin To Net: NetName=AC_N2 Pin=C2-2
Added Pin To Net: NetName=VIN Pin=C3-1
Added Pin To Net: NetName=NetC3_2 Pin=C3-2
Added Pin To Net: NetName=VIN Pin=C4-1
Added Pin To Net: NetName=NetC3_2 Pin=C4-2
Added Pin To Net: NetName=NetC3_2 Pin=C5-1
Added Pin To Net: NetName=GND Pin=C5-2
Added Pin To Net: NetName=NetC3_2 Pin=C6-1
Added Pin To Net: NetName=GND Pin=C6-2
Added Pin To Net: NetName=NetC7_1 Pin=C7-1
Added Pin To Net: NetName=GND Pin=C7-2
Added Pin To Net: NetName=GND Pin=C8-1
Added Pin To Net: NetName=VREF Pin=C8-2
Added Pin To Net: NetName=COMP Pin=C9-1
Added Pin To Net: NetName=VFB Pin=C9-2
Added Pin To Net: NetName=VCC Pin=C10-1
Added Pin To Net: NetName=GND Pin=C10-2
Added Pin To Net: NetName=VCC Pin=C11-1
Added Pin To Net: NetName=GND Pin=C11-2
Added Pin To Net: NetName=RT/CT Pin=C12-1
Added Pin To Net: NetName=GND Pin=C12-2
Added Pin To Net: NetName=VIN Pin=C13-1
Added Pin To Net: NetName=NetC13_2 Pin=C13-2
Added Pin To Net: NetName=VOUT_5V Pin=C14-1
Added Pin To Net: NetName=GND_5V Pin=C14-2
Added Pin To Net: NetName=VOUT_5V Pin=C15-1
Added Pin To Net: NetName=GND_5V Pin=C15-2
Added Pin To Net: NetName=VOUT_5V Pin=C16-1
Added Pin To Net: NetName=GND_5V Pin=C16-2
Added Pin To Net: NetName=NetC17_1 Pin=C17-1
Added Pin To Net: NetName=NetC17_2 Pin=C17-2
Added Pin To Net: NetName=NetC17_1 Pin=C18-1
Added Pin To Net: NetName=NetC17_2 Pin=C18-2
Added Pin To Net: NetName=VAUX Pin=C19-1
Added Pin To Net: NetName=GND Pin=C19-2
Added Pin To Net: NetName=VAUX Pin=C20-1
Added Pin To Net: NetName=GND Pin=C20-2
Added Pin To Net: NetName=NetC21_1 Pin=C21-1
Added Pin To Net: NetName=NetC21_2 Pin=C21-2
Added Pin To Net: NetName=NetC21_1 Pin=C22-1
Added Pin To Net: NetName=NetC21_2 Pin=C22-2
Added Pin To Net: NetName=VOUT_24V Pin=C23-1
Added Pin To Net: NetName=GND_24V Pin=C23-2
Added Pin To Net: NetName=VOUT_24V Pin=C24-1
Added Pin To Net: NetName=GND_24V Pin=C24-2
Added Pin To Net: NetName=VOUT_24V Pin=C25-1
Added Pin To Net: NetName=GND_24V Pin=C25-2
Added Pin To Net: NetName=VOUT_24V Pin=C26-1
Added Pin To Net: NetName=GND_24V Pin=C26-2
Added Pin To Net: NetName=VOUT_24V Pin=C27-1
Added Pin To Net: NetName=GND_24V Pin=C27-2
Added Pin To Net: NetName=VSENSE Pin=C28-1
Added Pin To Net: NetName=GND Pin=C28-2
Added Pin To Net: NetName=VOUT_5V Pin=C29-1
Added Pin To Net: NetName=GND_5V Pin=C29-2
Added Pin To Net: NetName=GND Pin=C30-1
Added Pin To Net: NetName=NetC30_2 Pin=C30-2
Added Pin To Net: NetName=NetC30_2 Pin=C31-1
Added Pin To Net: NetName=GND_24V Pin=C31-2
Added Pin To Net: NetName=NetC7_1 Pin=D1-A
Added Pin To Net: NetName=VREF Pin=D1-K
Added Pin To Net: NetName=NetD2_A Pin=D2-A
Added Pin To Net: NetName=VCC Pin=D2-K
Added Pin To Net: NetName=NetD3_A Pin=D3-A
Added Pin To Net: NetName=NetC13_2 Pin=D3-K
Added Pin To Net: NetName=NetD4_A Pin=D4-A
Added Pin To Net: NetName=VOUT_5V Pin=D4-K
Added Pin To Net: NetName=NetD5_A Pin=D5-A
Added Pin To Net: NetName=VAUX Pin=D5-K
Added Pin To Net: NetName=NetD6_1 Pin=D6-1
Added Pin To Net: NetName=VOUT_24V Pin=D6-2
Added Pin To Net: NetName=VOUT_24V Pin=D6-2
Added Pin To Net: NetName=NetC17_2 Pin=D7-A
Added Pin To Net: NetName=NetC17_1 Pin=D7-K
Added Pin To Net: NetName=NetC21_2 Pin=D8-A
Added Pin To Net: NetName=NetC21_1 Pin=D8-K
Added Pin To Net: NetName=AC_L1 Pin=F1-1
Added Pin To Net: NetName=AC_L1 Pin=F1-1
Added Pin To Net: NetName=NetF1_2 Pin=F1-2
Added Pin To Net: NetName=NetF1_2 Pin=F1-2
Added Pin To Net: NetName=COMP Pin=IC1-1
Added Pin To Net: NetName=VFB Pin=IC1-2
Added Pin To Net: NetName=VSENSE Pin=IC1-3
Added Pin To Net: NetName=RT/CT Pin=IC1-4
Added Pin To Net: NetName=GND Pin=IC1-5
Added Pin To Net: NetName=VGATE Pin=IC1-6
Added Pin To Net: NetName=VCC Pin=IC1-7
Added Pin To Net: NetName=VREF Pin=IC1-8
Added Pin To Net: NetName=VOUT_5V Pin=L1-1
Added Pin To Net: NetName=NetC17_1 Pin=L1-2
Added Pin To Net: NetName=GND_5V Pin=L2-1
Added Pin To Net: NetName=NetC17_2 Pin=L2-2
Added Pin To Net: NetName=VOUT_24V Pin=L3-1
Added Pin To Net: NetName=NetC21_1 Pin=L3-2
Added Pin To Net: NetName=GND_24V Pin=L4-1
Added Pin To Net: NetName=NetC21_2 Pin=L4-2
Added Pin To Net: NetName=VOUT_24V Pin=L5-1
Added Pin To Net: NetName=NetC21_1 Pin=L5-2
Added Pin To Net: NetName=GND_24V Pin=L6-1
Added Pin To Net: NetName=NetC21_2 Pin=L6-2
Added Pin To Net: NetName=NetLCM1_1 Pin=LCM1-1
Added Pin To Net: NetName=AC_N1 Pin=LCM1-2
Added Pin To Net: NetName=AC_L3 Pin=LCM1-3
Added Pin To Net: NetName=AC_N2 Pin=LCM1-4
Added Pin To Net: NetName=AC_L2 Pin=LDM1-1
Added Pin To Net: NetName=NetLCM1_1 Pin=LDM1-2
Added Pin To Net: NetName=AC_L2 Pin=MOV1-1
Added Pin To Net: NetName=AC_N1 Pin=MOV1-2
Added Pin To Net: NetName=NetC7_1 Pin=Q1-B
Added Pin To Net: NetName=GND Pin=Q1-C
Added Pin To Net: NetName=COMP Pin=Q1-E
Added Pin To Net: NetName=NetD3_A Pin=Q2-D
Added Pin To Net: NetName=NetQ2_G Pin=Q2-G
Added Pin To Net: NetName=NetQ2_S Pin=Q2-S
Added Pin To Net: NetName=NetC3_2 Pin=R1-1
Added Pin To Net: NetName=VIN Pin=R1-2
Added Pin To Net: NetName=GND Pin=R2-1
Added Pin To Net: NetName=NetC3_2 Pin=R2-2
Added Pin To Net: NetName=VREF Pin=R3-1
Added Pin To Net: NetName=NetC7_1 Pin=R3-2
Added Pin To Net: NetName=VIN Pin=R4-1
Added Pin To Net: NetName=VCC Pin=R4-2
Added Pin To Net: NetName=VFB Pin=R5-1
Added Pin To Net: NetName=VAUX Pin=R5-2
Added Pin To Net: NetName=VFB Pin=R6-1
Added Pin To Net: NetName=COMP Pin=R6-2
Added Pin To Net: NetName=VAUX Pin=R7-1
Added Pin To Net: NetName=NetD2_A Pin=R7-2
Added Pin To Net: NetName=GND Pin=R8-1
Added Pin To Net: NetName=VFB Pin=R8-2
Added Pin To Net: NetName=RT/CT Pin=R9-1
Added Pin To Net: NetName=VREF Pin=R9-2
Added Pin To Net: NetName=NetC13_2 Pin=R10-1
Added Pin To Net: NetName=VIN Pin=R10-2
Added Pin To Net: NetName=NetC13_2 Pin=R11-1
Added Pin To Net: NetName=VIN Pin=R11-2
Added Pin To Net: NetName=GND_5V Pin=R12-1
Added Pin To Net: NetName=VOUT_5V Pin=R12-2
Added Pin To Net: NetName=GND_5V Pin=R13-1
Added Pin To Net: NetName=VOUT_5V Pin=R13-2
Added Pin To Net: NetName=VGATE Pin=R14-1
Added Pin To Net: NetName=NetQ2_G Pin=R14-2
Added Pin To Net: NetName=NetQ2_S Pin=R15-1
Added Pin To Net: NetName=NetQ2_G Pin=R15-2
Added Pin To Net: NetName=GND Pin=R16-1
Added Pin To Net: NetName=VAUX Pin=R16-2
Added Pin To Net: NetName=GND_24V Pin=R17-1
Added Pin To Net: NetName=VOUT_24V Pin=R17-2
Added Pin To Net: NetName=GND_24V Pin=R18-1
Added Pin To Net: NetName=VOUT_24V Pin=R18-2
Added Pin To Net: NetName=VSENSE Pin=R19-1
Added Pin To Net: NetName=NetQ2_S Pin=R19-2
Added Pin To Net: NetName=GND Pin=R20-1
Added Pin To Net: NetName=NetQ2_S Pin=R20-2
Added Pin To Net: NetName=GND_24V Pin=R21-1
Added Pin To Net: NetName=GND_5V Pin=R21-2
Added Pin To Net: NetName=NetF1_2 Pin=RV1-1
Added Pin To Net: NetName=AC_L2 Pin=RV1-2
Added Pin To Net: NetName=GND Pin=T1-1
Added Pin To Net: NetName=NetD5_A Pin=T1-3
Added Pin To Net: NetName=NetD3_A Pin=T1-4
Added Pin To Net: NetName=VIN Pin=T1-6
Added Pin To Net: NetName=GND_24V Pin=T1-7
Added Pin To Net: NetName=NetD6_1 Pin=T1-9
Added Pin To Net: NetName=GND_5V Pin=T1-10
Added Pin To Net: NetName=NetD4_A Pin=T1-12
Added Pin To Net: NetName=AC_L1 Pin=U1-1
Added Pin To Net: NetName=AC_N1 Pin=U1-2
Added Pin To Net: NetName=NetC17_2 Pin=U2-1
Added Pin To Net: NetName=NetC17_1 Pin=U2-2
Added Pin To Net: NetName=NetC21_2 Pin=U3-1
Added Pin To Net: NetName=NetC21_1 Pin=U3-2
